{
  "RSpec": {
    "coverage": {
      "/Users/ismok/Desktop/music_archive/app/helpers/application_helper.rb": {
        "lines": [
          null,
          null,
          1,
          1,
          null,
          1,
          27,
          27,
          27,
          null,
          null,
          1,
          21,
          null,
          null,
          1,
          0,
          0,
          null,
          0,
          null,
          null,
          null,
          1,
          63,
          0,
          null,
          63,
          null,
          null,
          null
        ]
      },
      "/Users/ismok/Desktop/music_archive/app/helpers/artists_helper.rb": {
        "lines": [
          null,
          null,
          1,
          null
        ]
      },
      "/Users/ismok/Desktop/music_archive/app/helpers/playlists_helper.rb": {
        "lines": [
          null,
          null,
          1,
          null
        ]
      },
      "/Users/ismok/Desktop/music_archive/app/helpers/tracks_helper.rb": {
        "lines": [
          null,
          null,
          1,
          null
        ]
      },
      "/Users/ismok/Desktop/music_archive/app/models/artist.rb": {
        "lines": [
          null,
          null,
          1,
          1,
          null,
          1,
          null,
          1,
          null,
          1,
          null,
          1,
          21,
          null,
          null
        ]
      },
      "/Users/ismok/Desktop/music_archive/app/models/application_record.rb": {
        "lines": [
          null,
          null,
          1,
          1,
          null
        ]
      },
      "/Users/ismok/Desktop/music_archive/app/models/key.rb": {
        "lines": [
          null,
          null,
          1,
          1,
          null,
          null,
          null,
          null,
          null,
          1,
          4,
          4,
          null,
          null,
          null,
          null,
          null,
          null,
          1,
          4,
          null,
          3,
          null,
          null
        ]
      },
      "/Users/ismok/Desktop/music_archive/app/models/playlist.rb": {
        "lines": [
          null,
          null,
          1,
          1,
          1,
          1,
          null,
          1,
          null,
          1,
          null,
          1,
          8,
          null,
          null,
          null,
          null,
          null,
          1,
          2,
          2,
          null,
          null,
          null,
          null,
          null,
          1,
          5,
          5,
          null,
          null,
          null,
          null,
          null,
          1,
          4,
          null,
          null,
          1,
          null,
          1,
          70,
          null,
          70,
          null,
          null,
          null,
          null,
          null,
          null
        ]
      },
      "/Users/ismok/Desktop/music_archive/app/models/playlists_track.rb": {
        "lines": [
          null,
          null,
          1,
          1,
          null,
          1,
          1,
          null,
          1,
          null
        ]
      },
      "/Users/ismok/Desktop/music_archive/app/models/track.rb": {
        "lines": [
          null,
          null,
          1,
          1,
          1,
          1,
          1,
          1,
          null,
          1,
          385,
          769,
          null,
          1,
          10,
          10,
          null,
          null,
          null,
          null,
          null,
          null,
          null,
          null,
          null,
          1,
          8,
          8,
          null,
          null,
          null,
          null,
          null,
          null,
          null,
          1,
          6,
          null,
          null,
          4,
          4,
          null,
          4,
          null,
          null,
          2,
          2,
          null,
          null
        ]
      },
      "/Users/ismok/Desktop/music_archive/app/services/camelot_wheel_service.rb": {
        "lines": [
          null,
          null,
          null,
          null,
          null,
          null,
          null,
          null,
          null,
          null,
          null,
          null,
          null,
          null,
          1,
          1,
          1,
          null,
          null,
          1,
          null,
          null,
          null,
          null,
          null,
          null,
          null,
          null,
          null,
          null,
          1,
          187,
          null,
          185,
          185,
          null,
          180,
          180,
          null,
          180,
          null,
          178,
          null,
          null,
          null,
          null,
          null,
          null,
          null,
          1,
          57,
          57,
          null,
          55,
          55,
          55,
          null,
          55,
          null,
          16,
          null,
          null,
          19,
          19,
          null,
          19,
          null,
          null,
          17,
          null,
          null,
          3,
          null,
          3,
          3,
          null,
          3,
          null,
          3,
          null,
          null,
          55,
          null,
          null,
          null,
          null,
          null,
          null,
          null,
          1,
          57,
          null,
          55,
          55,
          55,
          null,
          null,
          53,
          null,
          null,
          38,
          null,
          5,
          null,
          null,
          5,
          null,
          null,
          4,
          4,
          null,
          null,
          null,
          34,
          null,
          null,
          15,
          null,
          null,
          null,
          null,
          null,
          null,
          1,
          25,
          null,
          18,
          null,
          null,
          null,
          null,
          null,
          null,
          66,
          18,
          null,
          18,
          null,
          null,
          null,
          null,
          null,
          null,
          1,
          43,
          null,
          null,
          null,
          1,
          64,
          null,
          null,
          null,
          1,
          4,
          4,
          null,
          null,
          null,
          1,
          22,
          null,
          null,
          null,
          1,
          86,
          null,
          null
        ]
      },
      "/Users/ismok/Desktop/music_archive/app/services/harmonic_mixing_service.rb": {
        "lines": [
          null,
          null,
          null,
          null,
          null,
          null,
          null,
          null,
          null,
          1,
          1,
          null,
          1,
          15,
          15,
          null,
          null,
          null,
          null,
          null,
          null,
          1,
          15,
          null,
          14,
          null,
          null,
          14,
          14,
          14,
          null,
          null,
          14,
          14,
          14,
          null,
          null,
          14,
          null,
          null,
          14,
          4,
          4,
          4,
          null,
          null,
          null,
          14,
          null,
          null,
          null,
          null,
          null,
          null,
          null,
          null,
          null,
          1,
          19,
          19,
          null,
          19,
          39,
          null,
          38,
          null,
          null,
          null,
          null,
          38,
          null,
          null,
          null,
          null,
          null,
          null,
          null,
          19,
          null,
          null,
          19,
          null,
          null,
          38,
          null,
          null,
          null,
          null
        ]
      },
      "/Users/ismok/Desktop/music_archive/app/services/playlist_importer.rb": {
        "lines": [
          null,
          null,
          1,
          1,
          1,
          null,
          1,
          33,
          33,
          33,
          33,
          33,
          null,
          null,
          1,
          33,
          32,
          27,
          null,
          23,
          23,
          null,
          null,
          null,
          null,
          23,
          23,
          null,
          0,
          0,
          null,
          null,
          23,
          61,
          61,
          80,
          80,
          null,
          null,
          61,
          61,
          null,
          null,
          null,
          61,
          61,
          null,
          61,
          0,
          0,
          null,
          null,
          null,
          23,
          null,
          0,
          0,
          null,
          null,
          1,
          null,
          1,
          31,
          31,
          62,
          31,
          31,
          null,
          null,
          31,
          62,
          31,
          null,
          30,
          74,
          74,
          null,
          null,
          73,
          73,
          73,
          73,
          null,
          0,
          null,
          null,
          null,
          null,
          1,
          252,
          null,
          31,
          603,
          null,
          null,
          30,
          240,
          240,
          null,
          null,
          null,
          1,
          73,
          73,
          73,
          null,
          null,
          73,
          null,
          null,
          null,
          73,
          73,
          73,
          null,
          73,
          73,
          null,
          null,
          1,
          31,
          null,
          null,
          1,
          31,
          31,
          null,
          null,
          1,
          69,
          null,
          69,
          69,
          null,
          null,
          1,
          27,
          27,
          null,
          31,
          27,
          4,
          null,
          null,
          27,
          null,
          null
        ]
      },
      "/Users/ismok/Desktop/music_archive/app/controllers/artists_controller.rb": {
        "lines": [
          null,
          null,
          1,
          1,
          null,
          1,
          4,
          null,
          null,
          1,
          3,
          null,
          3,
          null,
          3,
          null,
          3,
          1,
          1,
          null,
          1,
          null,
          0,
          0,
          null,
          0,
          0,
          null,
          0,
          0,
          null,
          1,
          null,
          null,
          1,
          null,
          null,
          2,
          null,
          null,
          null,
          1,
          null,
          1,
          3,
          null,
          null,
          1,
          0,
          null,
          null
        ]
      },
      "/Users/ismok/Desktop/music_archive/app/controllers/application_controller.rb": {
        "lines": [
          null,
          null,
          1,
          1,
          null
        ]
      },
      "/Users/ismok/Desktop/music_archive/app/controllers/keys_controller.rb": {
        "lines": [
          null,
          null,
          1,
          1,
          null,
          1,
          6,
          null,
          null,
          1,
          3,
          null,
          3,
          null,
          3,
          null,
          3,
          1,
          1,
          null,
          1,
          null,
          0,
          0,
          null,
          0,
          0,
          null,
          0,
          0,
          null,
          1,
          null,
          null,
          1,
          null,
          null,
          2,
          null,
          null,
          null,
          1,
          null,
          1,
          3,
          null,
          null,
          1,
          20,
          null,
          null
        ]
      },
      "/Users/ismok/Desktop/music_archive/app/controllers/playlists_controller.rb": {
        "lines": [
          null,
          null,
          1,
          1,
          null,
          1,
          1,
          null,
          null,
          1,
          2,
          null,
          null,
          1,
          1,
          null,
          null,
          1,
          11,
          11,
          8,
          8,
          8,
          null,
          8,
          null,
          8,
          8,
          null,
          8,
          null,
          8,
          8,
          6,
          6,
          null,
          2,
          2,
          2,
          null,
          null,
          0,
          0,
          null,
          null,
          3,
          3,
          null,
          null,
          null,
          1,
          5,
          5,
          null,
          5,
          5,
          5,
          null,
          5,
          null,
          null,
          1,
          3,
          null,
          3,
          3,
          7,
          7,
          6,
          null,
          1,
          1,
          null,
          null,
          null,
          null,
          null,
          2,
          null,
          0,
          null,
          1,
          null,
          null,
          1,
          null,
          1,
          10,
          null,
          null,
          1,
          16,
          null,
          null,
          1,
          0,
          null,
          null,
          null,
          null,
          null,
          null,
          1,
          5,
          5,
          10,
          10,
          null,
          10,
          10,
          9,
          9,
          null,
          null,
          null,
          null,
          1,
          5,
          5,
          20,
          20,
          null,
          20,
          20,
          18,
          18,
          null,
          null,
          null,
          null
        ]
      },
      "/Users/ismok/Desktop/music_archive/app/controllers/tracks_controller.rb": {
        "lines": [
          null,
          null,
          1,
          1,
          3,
          null,
          3,
          null,
          3,
          1,
          1,
          null,
          1,
          null,
          0,
          0,
          null,
          0,
          0,
          null,
          0,
          0,
          null,
          1,
          null,
          null,
          1,
          null,
          null,
          2,
          null,
          null,
          null,
          1,
          1,
          null,
          null,
          1,
          0,
          0,
          0,
          null,
          0,
          null,
          null,
          null,
          1,
          4,
          4,
          null,
          4,
          null,
          4,
          null,
          null,
          null,
          null,
          null,
          null,
          null,
          1,
          null,
          1,
          0,
          null,
          null,
          1,
          0,
          null,
          null
        ]
      },
      "/Users/ismok/Desktop/music_archive/app/channels/application_cable/channel.rb": {
        "lines": [
          null,
          null,
          0,
          0,
          0,
          0
        ],
        "branches": {}
      },
      "/Users/ismok/Desktop/music_archive/app/channels/application_cable/connection.rb": {
        "lines": [
          null,
          null,
          0,
          0,
          0,
          0
        ],
        "branches": {}
      },
      "/Users/ismok/Desktop/music_archive/app/jobs/application_job.rb": {
        "lines": [
          null,
          null,
          0,
          null,
          null,
          null,
          null,
          null,
          0
        ],
        "branches": {}
      },
      "/Users/ismok/Desktop/music_archive/app/mailers/application_mailer.rb": {
        "lines": [
          null,
          null,
          0,
          0,
          0,
          0
        ],
        "branches": {}
      }
    },
    "timestamp": 1761581686
  }
}
